\BOOKMARK [1][-]{section.1}{\376\377\000N\000o\000t\000a\000t\000i\000o\000n}{}% 1
\BOOKMARK [1][-]{section.2}{\376\377\000P\000r\000o\000b\000l\000e\000m\000\040\000F\000o\000r\000m\000u\000l\000a\000t\000i\000o\000n}{}% 2
\BOOKMARK [2][-]{subsection.2.1}{\376\377\000T\000i\000m\000e\000-\000D\000i\000l\000a\000t\000i\000o\000n\000\040\000a\000n\000d\000\040\000C\000o\000n\000s\000t\000r\000a\000i\000n\000t\000\040\000R\000e\000f\000o\000r\000m\000u\000l\000a\000t\000i\000o\000n}{section.2}% 3
\BOOKMARK [2][-]{subsection.2.2}{\376\377\000D\000i\000s\000c\000r\000e\000t\000i\000z\000a\000t\000i\000o\000n}{section.2}% 4
\BOOKMARK [3][-]{subsubsection.2.2.1}{\376\377\000L\000i\000n\000e\000a\000r\000i\000z\000a\000t\000i\000o\000n}{subsection.2.2}% 5
\BOOKMARK [1][-]{section.3}{\376\377\000M\000i\000s\000c\000e\000l\000l\000a\000n\000e\000o\000u\000s}{}% 6
\BOOKMARK [2][-]{subsection.3.1}{\376\377\000P\000a\000r\000s\000i\000n\000g\000\040\000t\000o\000\040\000C\000a\000n\000o\000n\000i\000c\000a\000l\000\040\000F\000o\000r\000m}{section.3}% 7
\BOOKMARK [2][-]{subsection.3.2}{\376\377\000E\000x\000t\000r\000a\000p\000o\000l\000a\000t\000e\000d\000\040\000P\000I\000P\000G}{section.3}% 8
\BOOKMARK [3][-]{subsubsection.3.2.1}{\376\377\000C\000u\000s\000t\000o\000m\000i\000z\000a\000t\000i\000o\000n}{subsection.3.2}% 9
\BOOKMARK [2][-]{subsection.3.3}{\376\377\000S\000i\000g\000n\000e\000d\000\040\000D\000i\000s\000t\000a\000n\000c\000e}{section.3}% 10
\BOOKMARK [2][-]{subsection.3.4}{\376\377\000P\000a\000s\000s\000i\000v\000e\000\040\000S\000a\000f\000e\000t\000y}{section.3}% 11
\BOOKMARK [3][-]{subsubsection.3.4.1}{\376\377\000n\000o\000d\000e\000-\000o\000n\000l\000y\000-\000c\000n\000s\000t\000r}{subsection.3.4}% 12
\BOOKMARK [1][-]{section.4}{\376\377\000E\000x\000a\000m\000p\000l\000e\000s}{}% 13
\BOOKMARK [2][-]{subsection.4.1}{\376\377\000d\000o\000u\000b\000l\000e\000i\000n\000t\000-\000c\000i\000r\000c\000l\000e\000-\000o\000b\000s}{section.4}% 14
\BOOKMARK [3][-]{subsubsection.4.1.1}{\376\377\000n\000o\000d\000e\000-\000o\000n\000l\000y\000-\000c\000n\000s\000t\000r}{subsection.4.1}% 15
\BOOKMARK [3][-]{subsubsection.4.1.2}{\376\377\000c\000t\000c\000s}{subsection.4.1}% 16
\BOOKMARK [2][-]{subsection.4.2}{\376\377\000d\000o\000u\000b\000l\000e\000i\000n\000t\000-\000e\000l\000l\000i\000p\000-\000o\000b\000s}{section.4}% 17
\BOOKMARK [3][-]{subsubsection.4.2.1}{\376\377\000n\000o\000d\000e\000-\000o\000n\000l\000y\000-\000c\000n\000s\000t\000r}{subsection.4.2}% 18
\BOOKMARK [3][-]{subsubsection.4.2.2}{\376\377\000c\000t\000c\000s}{subsection.4.2}% 19
\BOOKMARK [2][-]{subsection.4.3}{\376\377\000d\000o\000u\000b\000l\000e\000i\000n\000t\000-\000p\000o\000l\000y\000t\000o\000p\000e\000-\000o\000b\000s}{section.4}% 20
\BOOKMARK [3][-]{subsubsection.4.3.1}{\376\377\000c\000t\000c\000s}{subsection.4.3}% 21
\BOOKMARK [2][-]{subsection.4.4}{\376\377\000d\000o\000u\000b\000l\000e\000i\000n\000t\000-\000p\000a\000s\000s\000i\000v\000e\000-\000s\000a\000f\000e\000t\000y}{section.4}% 22
\BOOKMARK [3][-]{subsubsection.4.4.1}{\376\377\000n\000o\000d\000e\000-\000o\000n\000l\000y\000-\000c\000n\000s\000t\000r}{subsection.4.4}% 23
\BOOKMARK [3][-]{subsubsection.4.4.2}{\376\377\000c\000t\000c\000s\000-\000f\000i\000x\000e\000d\000-\000s\000t\000e\000p\000-\000i\000n\000t\000e\000g\000r\000a\000t\000e}{subsection.4.4}% 24
\BOOKMARK [2][-]{subsection.4.5}{\376\377\000r\000o\000c\000k\000e\000t\000-\000l\000a\000n\000d\000i\000n\000g}{section.4}% 25
\BOOKMARK [3][-]{subsubsection.4.5.1}{\376\377\000n\000o\000d\000e\000-\000o\000n\000l\000y\000-\000c\000n\000s\000t\000r}{subsection.4.5}% 26
\BOOKMARK [3][-]{subsubsection.4.5.2}{\376\377\000c\000t\000c\000s}{subsection.4.5}% 27
\BOOKMARK [2][-]{subsection.4.6}{\376\377\000n\000r\000h\000o\000-\000p\000a\000s\000s\000i\000v\000e\000-\000s\000a\000f\000e\000t\000y}{section.4}% 28
